{Tue Feb 24 2026 16:01:13} [APP рЯЪА] info: [32mрЯЪА Database connected successfully[39m
{Tue Feb 24 2026 16:01:13} [APP рЯЪА] info: [32mрЯЪА Database connected successfully[39m
{Tue Feb 24 2026 16:01:13} [APP рЯЪА] info: вДєпЄП Admin already exists
{Tue Feb 24 2026 16:01:13} [APP рЯЪА] info: вДєпЄП Admin already exists
{Tue Feb 24 2026 16:01:13} [APP рЯЪА] info: [32mрЯНБ Server connected successfully[39m
{Tue Feb 24 2026 16:01:13} [APP рЯЪА] info: [32mрЯНБ Server connected successfully[39m
{Tue Feb 24 2026 16:01:13} [APP рЯЪА] info: [33mвЩїпЄП  Application listening on port:5006[39m
{Tue Feb 24 2026 16:01:13} [APP рЯЪА] info: [33mвЩїпЄП  Application listening on port:5006[39m
{Tue Feb 24 2026 16:01:16} [APP рЯЪА] info: [32mрЯЪА Database connected successfully[39m
{Tue Feb 24 2026 16:01:16} [APP рЯЪА] info: [32mрЯЪА Database connected successfully[39m
{Tue Feb 24 2026 16:01:16} [APP рЯЪА] info: вДєпЄП Admin already exists
{Tue Feb 24 2026 16:01:16} [APP рЯЪА] info: вДєпЄП Admin already exists
{Tue Feb 24 2026 16:01:16} [APP рЯЪА] info: [32mрЯНБ Server connected successfully[39m
{Tue Feb 24 2026 16:01:16} [APP рЯЪА] info: [33mвЩїпЄП  Application listening on port:5006[39m
{Tue Feb 24 2026 16:01:16} [APP рЯЪА] info: [32mрЯНБ Server connected successfully[39m
{Tue Feb 24 2026 16:01:16} [APP рЯЪА] info: [33mвЩїпЄП  Application listening on port:5006[39m
{Tue Feb 24 2026 16:01:41} [APP рЯЪА] info: [32mрЯЪА Database connected successfully[39m
{Tue Feb 24 2026 16:01:41} [APP рЯЪА] info: [32mрЯЪА Database connected successfully[39m
{Tue Feb 24 2026 16:01:41} [APP рЯЪА] info: вДєпЄП Admin already exists
{Tue Feb 24 2026 16:01:41} [APP рЯЪА] info: вДєпЄП Admin already exists
{Tue Feb 24 2026 16:01:41} [APP рЯЪА] info: [32mрЯНБ Server connected successfully[39m
{Tue Feb 24 2026 16:01:41} [APP рЯЪА] info: [32mрЯНБ Server connected successfully[39m
{Tue Feb 24 2026 16:01:41} [APP рЯЪА] info: [33mвЩїпЄП  Application listening on port:5006[39m
{Tue Feb 24 2026 16:01:41} [APP рЯЪА] info: [33mвЩїпЄП  Application listening on port:5006[39m
{Tue Feb 24 2026 16:01:43} [APP рЯЪА] info: [32mрЯЪА Database connected successfully[39m
{Tue Feb 24 2026 16:01:43} [APP рЯЪА] info: [32mрЯЪА Database connected successfully[39m
{Tue Feb 24 2026 16:01:43} [APP рЯЪА] info: вДєпЄП Admin already exists
{Tue Feb 24 2026 16:01:43} [APP рЯЪА] info: вДєпЄП Admin already exists
{Tue Feb 24 2026 16:01:43} [APP рЯЪА] info: [32mрЯНБ Server connected successfully[39m
{Tue Feb 24 2026 16:01:43} [APP рЯЪА] info: [33mвЩїпЄП  Application listening on port:5006[39m
{Tue Feb 24 2026 16:01:43} [APP рЯЪА] info: [32mрЯНБ Server connected successfully[39m
{Tue Feb 24 2026 16:01:43} [APP рЯЪА] info: [33mвЩїпЄП  Application listening on port:5006[39m
{Tue Feb 24 2026 16:01:45} [APP рЯЪА] info: [32mрЯЪА Database connected successfully[39m
{Tue Feb 24 2026 16:01:45} [APP рЯЪА] info: [32mрЯЪА Database connected successfully[39m
{Tue Feb 24 2026 16:01:45} [APP рЯЪА] info: вДєпЄП Admin already exists
{Tue Feb 24 2026 16:01:45} [APP рЯЪА] info: вДєпЄП Admin already exists
{Tue Feb 24 2026 16:01:45} [APP рЯЪА] info: [32mрЯНБ Server connected successfully[39m
{Tue Feb 24 2026 16:01:45} [APP рЯЪА] info: [33mвЩїпЄП  Application listening on port:5006[39m
{Tue Feb 24 2026 16:01:45} [APP рЯЪА] info: [32mрЯНБ Server connected successfully[39m
{Tue Feb 24 2026 16:01:45} [APP рЯЪА] info: [33mвЩїпЄП  Application listening on port:5006[39m
{Tue Feb 24 2026 16:02:26} [APP рЯЪА] info: [32mрЯЪА Database connected successfully[39m
{Tue Feb 24 2026 16:02:26} [APP рЯЪА] info: [32mрЯЪА Database connected successfully[39m
{Tue Feb 24 2026 16:02:26} [APP рЯЪА] info: вДєпЄП Admin already exists
{Tue Feb 24 2026 16:02:26} [APP рЯЪА] info: вДєпЄП Admin already exists
{Tue Feb 24 2026 16:02:27} [APP рЯЪА] info: [32mрЯНБ Server connected successfully[39m
{Tue Feb 24 2026 16:02:27} [APP рЯЪА] info: [33mвЩїпЄП  Application listening on port:5006[39m
{Tue Feb 24 2026 16:02:27} [APP рЯЪА] info: [32mрЯНБ Server connected successfully[39m
{Tue Feb 24 2026 16:02:27} [APP рЯЪА] info: [33mвЩїпЄП  Application listening on port:5006[39m
{Tue Feb 24 2026 16:02:39} [APP рЯЪА] info: [32mрЯЪА Database connected successfully[39m
{Tue Feb 24 2026 16:02:39} [APP рЯЪА] info: [32mрЯЪА Database connected successfully[39m
{Tue Feb 24 2026 16:02:39} [APP рЯЪА] info: вДєпЄП Admin already exists
{Tue Feb 24 2026 16:02:39} [APP рЯЪА] info: вДєпЄП Admin already exists
{Tue Feb 24 2026 16:02:39} [APP рЯЪА] info: [32mрЯНБ Server connected successfully[39m
{Tue Feb 24 2026 16:02:39} [APP рЯЪА] info: [32mрЯНБ Server connected successfully[39m
{Tue Feb 24 2026 16:02:39} [APP рЯЪА] info: [33mвЩїпЄП  Application listening on port:5006[39m
{Tue Feb 24 2026 16:02:39} [APP рЯЪА] info: [33mвЩїпЄП  Application listening on port:5006[39m
{Tue Feb 24 2026 16:04:15} [APP рЯЪА] info: [32mрЯЪА Database connected successfully[39m
{Tue Feb 24 2026 16:04:15} [APP рЯЪА] info: [32mрЯЪА Database connected successfully[39m
{Tue Feb 24 2026 16:04:15} [APP рЯЪА] info: вДєпЄП Admin already exists
{Tue Feb 24 2026 16:04:15} [APP рЯЪА] info: вДєпЄП Admin already exists
{Tue Feb 24 2026 16:04:15} [APP рЯЪА] info: [32mрЯНБ Server connected successfully[39m
{Tue Feb 24 2026 16:04:15} [APP рЯЪА] info: [32mрЯНБ Server connected successfully[39m
{Tue Feb 24 2026 16:04:15} [APP рЯЪА] info: [33mвЩїпЄП  Application listening on port:5006[39m
{Tue Feb 24 2026 16:04:15} [APP рЯЪА] info: [33mвЩїпЄП  Application listening on port:5006[39m
{Tue Feb 24 2026 16:04:18} [APP рЯЪА] info: [32mрЯЪА Database connected successfully[39m
{Tue Feb 24 2026 16:04:18} [APP рЯЪА] info: [32mрЯЪА Database connected successfully[39m
{Tue Feb 24 2026 16:04:18} [APP рЯЪА] info: вДєпЄП Admin already exists
{Tue Feb 24 2026 16:04:18} [APP рЯЪА] info: вДєпЄП Admin already exists
{Tue Feb 24 2026 16:04:18} [APP рЯЪА] info: [32mрЯНБ Server connected successfully[39m
{Tue Feb 24 2026 16:04:18} [APP рЯЪА] info: [33mвЩїпЄП  Application listening on port:5006[39m
{Tue Feb 24 2026 16:04:18} [APP рЯЪА] info: [32mрЯНБ Server connected successfully[39m
{Tue Feb 24 2026 16:04:18} [APP рЯЪА] info: [33mвЩїпЄП  Application listening on port:5006[39m
{Tue Feb 24 2026 16:04:57} [APP рЯЪА] info: [32mрЯЪА Database connected successfully[39m
{Tue Feb 24 2026 16:04:57} [APP рЯЪА] info: [32mрЯЪА Database connected successfully[39m
{Tue Feb 24 2026 16:04:57} [APP рЯЪА] info: вДєпЄП Admin already exists
{Tue Feb 24 2026 16:04:57} [APP рЯЪА] info: вДєпЄП Admin already exists
{Tue Feb 24 2026 16:04:57} [APP рЯЪА] info: [32mрЯНБ Server connected successfully[39m
{Tue Feb 24 2026 16:04:57} [APP рЯЪА] info: [32mрЯНБ Server connected successfully[39m
{Tue Feb 24 2026 16:04:57} [APP рЯЪА] info: [33mвЩїпЄП  Application listening on port:5006[39m
{Tue Feb 24 2026 16:04:57} [APP рЯЪА] info: [33mвЩїпЄП  Application listening on port:5006[39m
{Tue Feb 24 2026 16:05:05} [APP рЯЪА] info: ::ffff:10.10.7.50 - POST /api/v1/chatbot/ask 200 - 4443.841 ms
{Tue Feb 24 2026 16:05:14} [APP рЯЪА] info: [32mрЯЪА Database connected successfully[39m
{Tue Feb 24 2026 16:05:14} [APP рЯЪА] info: [32mрЯЪА Database connected successfully[39m
{Tue Feb 24 2026 16:05:14} [APP рЯЪА] info: вДєпЄП Admin already exists
{Tue Feb 24 2026 16:05:14} [APP рЯЪА] info: вДєпЄП Admin already exists
{Tue Feb 24 2026 16:05:14} [APP рЯЪА] info: [32mрЯНБ Server connected successfully[39m
{Tue Feb 24 2026 16:05:14} [APP рЯЪА] info: [33mвЩїпЄП  Application listening on port:5006[39m
{Tue Feb 24 2026 16:05:14} [APP рЯЪА] info: [32mрЯНБ Server connected successfully[39m
{Tue Feb 24 2026 16:05:14} [APP рЯЪА] info: [33mвЩїпЄП  Application listening on port:5006[39m
{Tue Feb 24 2026 16:05:21} [APP рЯЪА] info: [32mрЯЪА Database connected successfully[39m
{Tue Feb 24 2026 16:05:21} [APP рЯЪА] info: [32mрЯЪА Database connected successfully[39m
{Tue Feb 24 2026 16:05:21} [APP рЯЪА] info: вДєпЄП Admin already exists
{Tue Feb 24 2026 16:05:21} [APP рЯЪА] info: вДєпЄП Admin already exists
{Tue Feb 24 2026 16:05:21} [APP рЯЪА] info: [32mрЯНБ Server connected successfully[39m
{Tue Feb 24 2026 16:05:21} [APP рЯЪА] info: [33mвЩїпЄП  Application listening on port:5006[39m
{Tue Feb 24 2026 16:05:21} [APP рЯЪА] info: [32mрЯНБ Server connected successfully[39m
{Tue Feb 24 2026 16:05:21} [APP рЯЪА] info: [33mвЩїпЄП  Application listening on port:5006[39m
{Tue Feb 24 2026 16:05:25} [APP рЯЪА] info: [32mрЯЪА Database connected successfully[39m
{Tue Feb 24 2026 16:05:25} [APP рЯЪА] info: [32mрЯЪА Database connected successfully[39m
{Tue Feb 24 2026 16:05:25} [APP рЯЪА] info: вДєпЄП Admin already exists
{Tue Feb 24 2026 16:05:25} [APP рЯЪА] info: вДєпЄП Admin already exists
{Tue Feb 24 2026 16:05:25} [APP рЯЪА] info: [32mрЯНБ Server connected successfully[39m
{Tue Feb 24 2026 16:05:25} [APP рЯЪА] info: [32mрЯНБ Server connected successfully[39m
{Tue Feb 24 2026 16:05:25} [APP рЯЪА] info: [33mвЩїпЄП  Application listening on port:5006[39m
{Tue Feb 24 2026 16:05:25} [APP рЯЪА] info: [33mвЩїпЄП  Application listening on port:5006[39m
{Tue Feb 24 2026 16:06:08} [APP рЯЪА] info: [32mрЯЪА Database connected successfully[39m
{Tue Feb 24 2026 16:06:08} [APP рЯЪА] info: [32mрЯЪА Database connected successfully[39m
{Tue Feb 24 2026 16:06:08} [APP рЯЪА] info: вДєпЄП Admin already exists
{Tue Feb 24 2026 16:06:08} [APP рЯЪА] info: вДєпЄП Admin already exists
{Tue Feb 24 2026 16:06:08} [APP рЯЪА] info: [32mрЯНБ Server connected successfully[39m
{Tue Feb 24 2026 16:06:08} [APP рЯЪА] info: [32mрЯНБ Server connected successfully[39m
{Tue Feb 24 2026 16:06:08} [APP рЯЪА] info: [33mвЩїпЄП  Application listening on port:5006[39m
{Tue Feb 24 2026 16:06:08} [APP рЯЪА] info: [33mвЩїпЄП  Application listening on port:5006[39m
{Tue Feb 24 2026 16:06:14} [APP рЯЪА] info: ::ffff:10.10.7.50 - POST /api/v1/chatbot/ask 200 - 4791.099 ms
{Tue Feb 24 2026 16:06:22} [APP рЯЪА] info: ::ffff:10.10.7.50 - GET /api/v1/chatbot/categories 200 - 12.244 ms
{Tue Feb 24 2026 16:06:26} [APP рЯЪА] info: ::ffff:10.10.7.50 - GET /api/v1/chatbot/history 200 - 5.447 ms
{Tue Feb 24 2026 16:11:36} [APP рЯЪА] info: [32mрЯЪА Database connected successfully[39m
{Tue Feb 24 2026 16:11:36} [APP рЯЪА] info: [32mрЯЪА Database connected successfully[39m
{Tue Feb 24 2026 16:11:36} [APP рЯЪА] info: вДєпЄП Admin already exists
{Tue Feb 24 2026 16:11:36} [APP рЯЪА] info: вДєпЄП Admin already exists
{Tue Feb 24 2026 16:11:36} [APP рЯЪА] info: [32mрЯНБ Server connected successfully[39m
{Tue Feb 24 2026 16:11:36} [APP рЯЪА] info: [32mрЯНБ Server connected successfully[39m
{Tue Feb 24 2026 16:11:36} [APP рЯЪА] info: [33mвЩїпЄП  Application listening on port:5006[39m
{Tue Feb 24 2026 16:11:36} [APP рЯЪА] info: [33mвЩїпЄП  Application listening on port:5006[39m
{Tue Feb 24 2026 16:11:38} [APP рЯЪА] info: [32mрЯЪА Database connected successfully[39m
{Tue Feb 24 2026 16:11:38} [APP рЯЪА] info: [32mрЯЪА Database connected successfully[39m
{Tue Feb 24 2026 16:11:38} [APP рЯЪА] info: вДєпЄП Admin already exists
{Tue Feb 24 2026 16:11:38} [APP рЯЪА] info: вДєпЄП Admin already exists
{Tue Feb 24 2026 16:11:38} [APP рЯЪА] info: [32mрЯНБ Server connected successfully[39m
{Tue Feb 24 2026 16:11:38} [APP рЯЪА] info: [32mрЯНБ Server connected successfully[39m
{Tue Feb 24 2026 16:11:38} [APP рЯЪА] info: [33mвЩїпЄП  Application listening on port:5006[39m
{Tue Feb 24 2026 16:11:38} [APP рЯЪА] info: [33mвЩїпЄП  Application listening on port:5006[39m
