{Sun Feb 22 2026 09:00:26} [APP рЯЪА] info: ::ffff:10.10.7.50 - PATCH /api/v1/user/profile 200 - 7.796 ms
{Sun Feb 22 2026 09:02:43} [APP рЯЪА] info: ::ffff:10.10.7.50 - PATCH /api/v1/user/profile 200 - 247.437 ms
{Sun Feb 22 2026 09:03:33} [APP рЯЪА] info: ::ffff:10.10.7.50 - POST /api/v1/auth/signup 200 - 228.707 ms
{Sun Feb 22 2026 09:03:38} [APP рЯЪА] info: Mail send successfully
{Sun Feb 22 2026 09:04:08} [APP рЯЪА] info: ::ffff:10.10.7.50 - POST /api/v1/auth/verify-account 200 - 6.594 ms
{Sun Feb 22 2026 09:04:30} [APP рЯЪА] info: ::ffff:10.10.7.50 - GET /api/v1/user/me 200 - 2.195 ms
{Sun Feb 22 2026 09:05:59} [APP рЯЪА] info: [32mрЯЪА Database connected successfully[39m
{Sun Feb 22 2026 09:05:59} [APP рЯЪА] info: вДєпЄП Admin already exists
{Sun Feb 22 2026 09:05:59} [APP рЯЪА] info: [32mрЯНБ Server connected successfully[39m
{Sun Feb 22 2026 09:05:59} [APP рЯЪА] info: [33mвЩїпЄП  Application listening on port:5006[39m
{Sun Feb 22 2026 09:08:39} [APP рЯЪА] info: ::ffff:10.10.7.50 - PATCH /api/v1/user/profile 200 - 264.949 ms
{Sun Feb 22 2026 09:08:53} [APP рЯЪА] info: ::ffff:10.10.7.50 - PATCH /api/v1/user/profile 200 - 228.435 ms
{Sun Feb 22 2026 09:09:07} [APP рЯЪА] info: ::ffff:10.10.7.50 - PATCH /api/v1/user/profile 200 - 231.255 ms
{Sun Feb 22 2026 09:09:48} [APP рЯЪА] info: ::ffff:10.10.7.50 - PATCH /api/v1/user/profile 200 - 235.675 ms
{Sun Feb 22 2026 09:13:28} [APP рЯЪА] info: ::ffff:10.10.7.50 - POST /api/v1/auth/forget-password 200 - 6.764 ms
{Sun Feb 22 2026 09:13:33} [APP рЯЪА] info: Mail send successfully
{Sun Feb 22 2026 09:14:09} [APP рЯЪА] info: ::ffff:10.10.7.50 - POST /api/v1/auth/verify-account 200 - 15.348 ms
{Sun Feb 22 2026 09:15:51} [APP рЯЪА] info: ::ffff:10.10.7.50 - POST /api/v1/auth/reset-password?token=53a5448b808d31b3b7ed1a7e44014de8465de37a1ef2263bfbe9dd9aa949cd42 200 - 263.355 ms
{Sun Feb 22 2026 09:17:02} [APP рЯЪА] info: ::ffff:10.10.7.50 - POST /api/v1/auth/login 200 - 214.256 ms
{Sun Feb 22 2026 09:17:42} [APP рЯЪА] info: ::ffff:10.10.7.50 - POST /api/v1/auth/change-password 200 - 427.346 ms
{Sun Feb 22 2026 09:17:47} [APP рЯЪА] info: ::ffff:10.10.7.50 - POST /api/v1/auth/login 200 - 223.887 ms
{Sun Feb 22 2026 09:17:53} [APP рЯЪА] info: ::ffff:10.10.7.50 - POST /api/v1/auth/forget-password 200 - 4.621 ms
{Sun Feb 22 2026 09:17:58} [APP рЯЪА] info: Mail send successfully
{Sun Feb 22 2026 09:20:33} [APP рЯЪА] info: ::ffff:10.10.7.50 - POST /api/v1/auth/resend-otp 200 - 6.555 ms
{Sun Feb 22 2026 09:20:37} [APP рЯЪА] info: Mail send successfully
{Sun Feb 22 2026 09:42:48} [APP рЯЪА] info: [32mрЯЪА Database connected successfully[39m
{Sun Feb 22 2026 09:42:48} [APP рЯЪА] info: вДєпЄП Admin already exists
{Sun Feb 22 2026 09:42:48} [APP рЯЪА] info: [32mрЯНБ Server connected successfully[39m
{Sun Feb 22 2026 09:42:48} [APP рЯЪА] info: [33mвЩїпЄП  Application listening on port:5006[39m
{Sun Feb 22 2026 09:42:52} [APP рЯЪА] info: [32mрЯЪА Database connected successfully[39m
{Sun Feb 22 2026 09:42:52} [APP рЯЪА] info: вДєпЄП Admin already exists
{Sun Feb 22 2026 09:42:52} [APP рЯЪА] info: [32mрЯНБ Server connected successfully[39m
{Sun Feb 22 2026 09:42:52} [APP рЯЪА] info: [33mвЩїпЄП  Application listening on port:5006[39m
{Sun Feb 22 2026 09:42:55} [APP рЯЪА] info: [32mрЯЪА Database connected successfully[39m
{Sun Feb 22 2026 09:42:55} [APP рЯЪА] info: вДєпЄП Admin already exists
{Sun Feb 22 2026 09:42:55} [APP рЯЪА] info: [32mрЯНБ Server connected successfully[39m
{Sun Feb 22 2026 09:42:55} [APP рЯЪА] info: [33mвЩїпЄП  Application listening on port:5006[39m
{Sun Feb 22 2026 09:42:59} [APP рЯЪА] info: [32mрЯЪА Database connected successfully[39m
{Sun Feb 22 2026 09:42:59} [APP рЯЪА] info: вДєпЄП Admin already exists
{Sun Feb 22 2026 09:42:59} [APP рЯЪА] info: [32mрЯНБ Server connected successfully[39m
{Sun Feb 22 2026 09:42:59} [APP рЯЪА] info: [33mвЩїпЄП  Application listening on port:5006[39m
{Sun Feb 22 2026 09:43:02} [APP рЯЪА] info: [32mрЯЪА Database connected successfully[39m
{Sun Feb 22 2026 09:43:02} [APP рЯЪА] info: вДєпЄП Admin already exists
{Sun Feb 22 2026 09:43:02} [APP рЯЪА] info: [32mрЯНБ Server connected successfully[39m
{Sun Feb 22 2026 09:43:02} [APP рЯЪА] info: [33mвЩїпЄП  Application listening on port:5006[39m
{Sun Feb 22 2026 09:43:05} [APP рЯЪА] info: [32mрЯЪА Database connected successfully[39m
{Sun Feb 22 2026 09:43:05} [APP рЯЪА] info: вДєпЄП Admin already exists
{Sun Feb 22 2026 09:43:05} [APP рЯЪА] info: [32mрЯНБ Server connected successfully[39m
{Sun Feb 22 2026 09:43:05} [APP рЯЪА] info: [33mвЩїпЄП  Application listening on port:5006[39m
{Sun Feb 22 2026 09:43:08} [APP рЯЪА] info: [32mрЯЪА Database connected successfully[39m
{Sun Feb 22 2026 09:43:08} [APP рЯЪА] info: вДєпЄП Admin already exists
{Sun Feb 22 2026 09:43:08} [APP рЯЪА] info: [32mрЯНБ Server connected successfully[39m
{Sun Feb 22 2026 09:43:08} [APP рЯЪА] info: [33mвЩїпЄП  Application listening on port:5006[39m
{Sun Feb 22 2026 09:43:14} [APP рЯЪА] info: [32mрЯЪА Database connected successfully[39m
{Sun Feb 22 2026 09:43:14} [APP рЯЪА] info: вДєпЄП Admin already exists
{Sun Feb 22 2026 09:43:14} [APP рЯЪА] info: [32mрЯНБ Server connected successfully[39m
{Sun Feb 22 2026 09:43:14} [APP рЯЪА] info: [33mвЩїпЄП  Application listening on port:5006[39m
{Sun Feb 22 2026 09:43:15} [APP рЯЪА] info: [32mрЯЪА Database connected successfully[39m
{Sun Feb 22 2026 09:43:15} [APP рЯЪА] info: вДєпЄП Admin already exists
{Sun Feb 22 2026 09:43:15} [APP рЯЪА] info: [32mрЯНБ Server connected successfully[39m
{Sun Feb 22 2026 09:43:15} [APP рЯЪА] info: [33mвЩїпЄП  Application listening on port:5006[39m
{Sun Feb 22 2026 09:43:17} [APP рЯЪА] info: [32mрЯЪА Database connected successfully[39m
{Sun Feb 22 2026 09:43:17} [APP рЯЪА] info: вДєпЄП Admin already exists
{Sun Feb 22 2026 09:43:17} [APP рЯЪА] info: [32mрЯНБ Server connected successfully[39m
{Sun Feb 22 2026 09:43:17} [APP рЯЪА] info: [33mвЩїпЄП  Application listening on port:5006[39m
{Sun Feb 22 2026 09:43:20} [APP рЯЪА] info: [32mрЯЪА Database connected successfully[39m
{Sun Feb 22 2026 09:43:20} [APP рЯЪА] info: вДєпЄП Admin already exists
{Sun Feb 22 2026 09:43:20} [APP рЯЪА] info: [32mрЯНБ Server connected successfully[39m
{Sun Feb 22 2026 09:43:20} [APP рЯЪА] info: [33mвЩїпЄП  Application listening on port:5006[39m
{Sun Feb 22 2026 09:44:24} [APP рЯЪА] info: [32mрЯЪА Database connected successfully[39m
{Sun Feb 22 2026 09:44:24} [APP рЯЪА] info: вДєпЄП Admin already exists
{Sun Feb 22 2026 09:44:24} [APP рЯЪА] info: [32mрЯНБ Server connected successfully[39m
{Sun Feb 22 2026 09:44:24} [APP рЯЪА] info: [33mвЩїпЄП  Application listening on port:5006[39m
{Sun Feb 22 2026 09:44:33} [APP рЯЪА] info: [32mрЯЪА Database connected successfully[39m
{Sun Feb 22 2026 09:44:33} [APP рЯЪА] info: вДєпЄП Admin already exists
{Sun Feb 22 2026 09:44:33} [APP рЯЪА] info: [32mрЯНБ Server connected successfully[39m
{Sun Feb 22 2026 09:44:33} [APP рЯЪА] info: [33mвЩїпЄП  Application listening on port:5006[39m
{Sun Feb 22 2026 09:44:35} [APP рЯЪА] info: [32mрЯЪА Database connected successfully[39m
{Sun Feb 22 2026 09:44:35} [APP рЯЪА] info: вДєпЄП Admin already exists
{Sun Feb 22 2026 09:44:35} [APP рЯЪА] info: [32mрЯНБ Server connected successfully[39m
{Sun Feb 22 2026 09:44:35} [APP рЯЪА] info: [33mвЩїпЄП  Application listening on port:5006[39m
{Sun Feb 22 2026 09:44:44} [APP рЯЪА] info: [32mрЯЪА Database connected successfully[39m
{Sun Feb 22 2026 09:44:44} [APP рЯЪА] info: вДєпЄП Admin already exists
{Sun Feb 22 2026 09:44:44} [APP рЯЪА] info: [32mрЯНБ Server connected successfully[39m
{Sun Feb 22 2026 09:44:44} [APP рЯЪА] info: [33mвЩїпЄП  Application listening on port:5006[39m
{Sun Feb 22 2026 09:44:54} [APP рЯЪА] info: [32mрЯЪА Database connected successfully[39m
{Sun Feb 22 2026 09:44:54} [APP рЯЪА] info: вДєпЄП Admin already exists
{Sun Feb 22 2026 09:44:54} [APP рЯЪА] info: [32mрЯНБ Server connected successfully[39m
{Sun Feb 22 2026 09:44:54} [APP рЯЪА] info: [33mвЩїпЄП  Application listening on port:5006[39m
{Sun Feb 22 2026 09:44:58} [APP рЯЪА] info: [32mрЯЪА Database connected successfully[39m
{Sun Feb 22 2026 09:44:58} [APP рЯЪА] info: вДєпЄП Admin already exists
{Sun Feb 22 2026 09:44:58} [APP рЯЪА] info: [32mрЯНБ Server connected successfully[39m
{Sun Feb 22 2026 09:44:58} [APP рЯЪА] info: [33mвЩїпЄП  Application listening on port:5006[39m
{Sun Feb 22 2026 09:45:03} [APP рЯЪА] info: [32mрЯЪА Database connected successfully[39m
{Sun Feb 22 2026 09:45:03} [APP рЯЪА] info: вДєпЄП Admin already exists
{Sun Feb 22 2026 09:45:03} [APP рЯЪА] info: [32mрЯНБ Server connected successfully[39m
{Sun Feb 22 2026 09:45:03} [APP рЯЪА] info: [33mвЩїпЄП  Application listening on port:5006[39m
{Sun Feb 22 2026 09:45:52} [APP рЯЪА] info: [32mрЯЪА Database connected successfully[39m
{Sun Feb 22 2026 09:45:52} [APP рЯЪА] info: вДєпЄП Admin already exists
{Sun Feb 22 2026 09:45:52} [APP рЯЪА] info: [32mрЯНБ Server connected successfully[39m
{Sun Feb 22 2026 09:45:52} [APP рЯЪА] info: [33mвЩїпЄП  Application listening on port:5006[39m
{Sun Feb 22 2026 09:45:54} [APP рЯЪА] info: [32mрЯЪА Database connected successfully[39m
{Sun Feb 22 2026 09:45:54} [APP рЯЪА] info: вДєпЄП Admin already exists
{Sun Feb 22 2026 09:45:54} [APP рЯЪА] info: [32mрЯНБ Server connected successfully[39m
{Sun Feb 22 2026 09:45:54} [APP рЯЪА] info: [33mвЩїпЄП  Application listening on port:5006[39m
{Sun Feb 22 2026 09:45:57} [APP рЯЪА] info: [32mрЯЪА Database connected successfully[39m
{Sun Feb 22 2026 09:45:57} [APP рЯЪА] info: вДєпЄП Admin already exists
{Sun Feb 22 2026 09:45:57} [APP рЯЪА] info: [32mрЯНБ Server connected successfully[39m
{Sun Feb 22 2026 09:45:57} [APP рЯЪА] info: [33mвЩїпЄП  Application listening on port:5006[39m
{Sun Feb 22 2026 09:46:00} [APP рЯЪА] info: [32mрЯЪА Database connected successfully[39m
{Sun Feb 22 2026 09:46:00} [APP рЯЪА] info: вДєпЄП Admin already exists
{Sun Feb 22 2026 09:46:00} [APP рЯЪА] info: [32mрЯНБ Server connected successfully[39m
{Sun Feb 22 2026 09:46:00} [APP рЯЪА] info: [33mвЩїпЄП  Application listening on port:5006[39m
{Sun Feb 22 2026 09:46:29} [APP рЯЪА] info: [32mрЯЪА Database connected successfully[39m
{Sun Feb 22 2026 09:46:30} [APP рЯЪА] info: вДєпЄП Admin already exists
{Sun Feb 22 2026 09:46:30} [APP рЯЪА] info: [32mрЯНБ Server connected successfully[39m
{Sun Feb 22 2026 09:46:30} [APP рЯЪА] info: [33mвЩїпЄП  Application listening on port:5006[39m
{Sun Feb 22 2026 09:46:31} [APP рЯЪА] info: [32mрЯЪА Database connected successfully[39m
{Sun Feb 22 2026 09:46:31} [APP рЯЪА] info: вДєпЄП Admin already exists
{Sun Feb 22 2026 09:46:31} [APP рЯЪА] info: [32mрЯНБ Server connected successfully[39m
{Sun Feb 22 2026 09:46:31} [APP рЯЪА] info: [33mвЩїпЄП  Application listening on port:5006[39m
{Sun Feb 22 2026 09:46:33} [APP рЯЪА] info: [32mрЯЪА Database connected successfully[39m
{Sun Feb 22 2026 09:46:33} [APP рЯЪА] info: вДєпЄП Admin already exists
{Sun Feb 22 2026 09:46:33} [APP рЯЪА] info: [32mрЯНБ Server connected successfully[39m
{Sun Feb 22 2026 09:46:33} [APP рЯЪА] info: [33mвЩїпЄП  Application listening on port:5006[39m
{Sun Feb 22 2026 09:46:39} [APP рЯЪА] info: [32mрЯЪА Database connected successfully[39m
{Sun Feb 22 2026 09:46:39} [APP рЯЪА] info: вДєпЄП Admin already exists
{Sun Feb 22 2026 09:46:39} [APP рЯЪА] info: [32mрЯНБ Server connected successfully[39m
{Sun Feb 22 2026 09:46:39} [APP рЯЪА] info: [33mвЩїпЄП  Application listening on port:5006[39m
