{Mon Feb 23 2026 10:05:59} [APP рЯЪА] info: [32mрЯЪА Database connected successfully[39m
{Mon Feb 23 2026 10:05:59} [APP рЯЪА] info: вДєпЄП Admin already exists
{Mon Feb 23 2026 10:05:59} [APP рЯЪА] info: [32mрЯНБ Server connected successfully[39m
{Mon Feb 23 2026 10:05:59} [APP рЯЪА] info: [33mвЩїпЄП  Application listening on port:5006[39m
{Mon Feb 23 2026 10:06:01} [APP рЯЪА] info: [32mрЯЪА Database connected successfully[39m
{Mon Feb 23 2026 10:06:01} [APP рЯЪА] info: вДєпЄП Admin already exists
{Mon Feb 23 2026 10:06:01} [APP рЯЪА] info: [32mрЯНБ Server connected successfully[39m
{Mon Feb 23 2026 10:06:01} [APP рЯЪА] info: [33mвЩїпЄП  Application listening on port:5006[39m
{Mon Feb 23 2026 10:06:10} [APP рЯЪА] info: [32mрЯЪА Database connected successfully[39m
{Mon Feb 23 2026 10:06:10} [APP рЯЪА] info: вДєпЄП Admin already exists
{Mon Feb 23 2026 10:06:10} [APP рЯЪА] info: [32mрЯНБ Server connected successfully[39m
{Mon Feb 23 2026 10:06:10} [APP рЯЪА] info: [33mвЩїпЄП  Application listening on port:5006[39m
{Mon Feb 23 2026 10:07:22} [APP рЯЪА] info: [32mрЯЪА Database connected successfully[39m
{Mon Feb 23 2026 10:07:22} [APP рЯЪА] info: вДєпЄП Admin already exists
{Mon Feb 23 2026 10:07:22} [APP рЯЪА] info: [32mрЯНБ Server connected successfully[39m
{Mon Feb 23 2026 10:07:22} [APP рЯЪА] info: [33mвЩїпЄП  Application listening on port:5006[39m
{Mon Feb 23 2026 10:08:22} [APP рЯЪА] info: [32mрЯЪА Database connected successfully[39m
{Mon Feb 23 2026 10:08:22} [APP рЯЪА] info: вДєпЄП Admin already exists
{Mon Feb 23 2026 10:08:22} [APP рЯЪА] info: [32mрЯНБ Server connected successfully[39m
{Mon Feb 23 2026 10:08:22} [APP рЯЪА] info: [33mвЩїпЄП  Application listening on port:5006[39m
{Mon Feb 23 2026 10:08:47} [APP рЯЪА] info: [32mрЯЪА Database connected successfully[39m
{Mon Feb 23 2026 10:08:47} [APP рЯЪА] info: вДєпЄП Admin already exists
{Mon Feb 23 2026 10:08:47} [APP рЯЪА] info: [32mрЯНБ Server connected successfully[39m
{Mon Feb 23 2026 10:08:47} [APP рЯЪА] info: [33mвЩїпЄП  Application listening on port:5006[39m
{Mon Feb 23 2026 10:08:59} [APP рЯЪА] info: [32mрЯЪА Database connected successfully[39m
{Mon Feb 23 2026 10:08:59} [APP рЯЪА] info: вДєпЄП Admin already exists
{Mon Feb 23 2026 10:08:59} [APP рЯЪА] info: [32mрЯНБ Server connected successfully[39m
{Mon Feb 23 2026 10:08:59} [APP рЯЪА] info: [33mвЩїпЄП  Application listening on port:5006[39m
{Mon Feb 23 2026 10:09:15} [APP рЯЪА] info: [32mрЯЪА Database connected successfully[39m
{Mon Feb 23 2026 10:09:15} [APP рЯЪА] info: вДєпЄП Admin already exists
{Mon Feb 23 2026 10:09:15} [APP рЯЪА] info: [32mрЯНБ Server connected successfully[39m
{Mon Feb 23 2026 10:09:15} [APP рЯЪА] info: [33mвЩїпЄП  Application listening on port:5006[39m
{Mon Feb 23 2026 10:09:27} [APP рЯЪА] info: [32mрЯЪА Database connected successfully[39m
{Mon Feb 23 2026 10:09:27} [APP рЯЪА] info: вДєпЄП Admin already exists
{Mon Feb 23 2026 10:09:27} [APP рЯЪА] info: [32mрЯНБ Server connected successfully[39m
{Mon Feb 23 2026 10:09:27} [APP рЯЪА] info: [33mвЩїпЄП  Application listening on port:5006[39m
{Mon Feb 23 2026 10:17:20} [APP рЯЪА] info: ::ffff:10.10.7.50 - GET /api/v1/case 200 - 93.932 ms
{Mon Feb 23 2026 10:21:41} [APP рЯЪА] info: [32mрЯЪА Database connected successfully[39m
{Mon Feb 23 2026 10:21:41} [APP рЯЪА] info: вДєпЄП Admin already exists
{Mon Feb 23 2026 10:21:41} [APP рЯЪА] info: [32mрЯНБ Server connected successfully[39m
{Mon Feb 23 2026 10:21:41} [APP рЯЪА] info: [33mвЩїпЄП  Application listening on port:5006[39m
{Mon Feb 23 2026 10:32:27} [APP рЯЪА] info: [32mрЯЪА Database connected successfully[39m
{Mon Feb 23 2026 10:32:27} [APP рЯЪА] info: вДєпЄП Admin already exists
{Mon Feb 23 2026 10:32:27} [APP рЯЪА] info: [32mрЯНБ Server connected successfully[39m
{Mon Feb 23 2026 10:32:27} [APP рЯЪА] info: [33mвЩїпЄП  Application listening on port:5006[39m
{Mon Feb 23 2026 10:32:35} [APP рЯЪА] info: [32mрЯЪА Database connected successfully[39m
{Mon Feb 23 2026 10:32:35} [APP рЯЪА] info: вДєпЄП Admin already exists
{Mon Feb 23 2026 10:32:35} [APP рЯЪА] info: [32mрЯНБ Server connected successfully[39m
{Mon Feb 23 2026 10:32:35} [APP рЯЪА] info: [33mвЩїпЄП  Application listening on port:5006[39m
{Mon Feb 23 2026 10:32:48} [APP рЯЪА] info: [32mрЯЪА Database connected successfully[39m
{Mon Feb 23 2026 10:32:48} [APP рЯЪА] info: вДєпЄП Admin already exists
{Mon Feb 23 2026 10:32:48} [APP рЯЪА] info: [32mрЯНБ Server connected successfully[39m
{Mon Feb 23 2026 10:32:48} [APP рЯЪА] info: [33mвЩїпЄП  Application listening on port:5006[39m
{Mon Feb 23 2026 10:38:08} [APP рЯЪА] info: [32mрЯЪА Database connected successfully[39m
{Mon Feb 23 2026 10:38:08} [APP рЯЪА] info: вДєпЄП Admin already exists
{Mon Feb 23 2026 10:38:08} [APP рЯЪА] info: [32mрЯНБ Server connected successfully[39m
{Mon Feb 23 2026 10:38:08} [APP рЯЪА] info: [33mвЩїпЄП  Application listening on port:5006[39m
{Mon Feb 23 2026 10:38:20} [APP рЯЪА] info: [32mрЯЪА Database connected successfully[39m
{Mon Feb 23 2026 10:38:20} [APP рЯЪА] info: вДєпЄП Admin already exists
{Mon Feb 23 2026 10:38:20} [APP рЯЪА] info: [32mрЯНБ Server connected successfully[39m
{Mon Feb 23 2026 10:38:20} [APP рЯЪА] info: [33mвЩїпЄП  Application listening on port:5006[39m
{Mon Feb 23 2026 10:38:21} [APP рЯЪА] info: [32mрЯЪА Database connected successfully[39m
{Mon Feb 23 2026 10:38:21} [APP рЯЪА] info: вДєпЄП Admin already exists
{Mon Feb 23 2026 10:38:21} [APP рЯЪА] info: [32mрЯНБ Server connected successfully[39m
{Mon Feb 23 2026 10:38:21} [APP рЯЪА] info: [33mвЩїпЄП  Application listening on port:5006[39m
{Mon Feb 23 2026 10:38:29} [APP рЯЪА] info: [32mрЯЪА Database connected successfully[39m
{Mon Feb 23 2026 10:38:29} [APP рЯЪА] info: вДєпЄП Admin already exists
{Mon Feb 23 2026 10:38:29} [APP рЯЪА] info: [32mрЯНБ Server connected successfully[39m
{Mon Feb 23 2026 10:38:29} [APP рЯЪА] info: [33mвЩїпЄП  Application listening on port:5006[39m
{Mon Feb 23 2026 10:38:33} [APP рЯЪА] info: [32mрЯЪА Database connected successfully[39m
{Mon Feb 23 2026 10:38:33} [APP рЯЪА] info: вДєпЄП Admin already exists
{Mon Feb 23 2026 10:38:33} [APP рЯЪА] info: [32mрЯНБ Server connected successfully[39m
{Mon Feb 23 2026 10:38:33} [APP рЯЪА] info: [33mвЩїпЄП  Application listening on port:5006[39m
{Mon Feb 23 2026 10:38:58} [APP рЯЪА] info: [32mрЯЪА Database connected successfully[39m
{Mon Feb 23 2026 10:38:58} [APP рЯЪА] info: вДєпЄП Admin already exists
{Mon Feb 23 2026 10:38:58} [APP рЯЪА] info: [32mрЯНБ Server connected successfully[39m
{Mon Feb 23 2026 10:38:58} [APP рЯЪА] info: [33mвЩїпЄП  Application listening on port:5006[39m
{Mon Feb 23 2026 10:39:00} [APP рЯЪА] info: [32mрЯЪА Database connected successfully[39m
{Mon Feb 23 2026 10:39:00} [APP рЯЪА] info: вДєпЄП Admin already exists
{Mon Feb 23 2026 10:39:00} [APP рЯЪА] info: [32mрЯНБ Server connected successfully[39m
{Mon Feb 23 2026 10:39:00} [APP рЯЪА] info: [33mвЩїпЄП  Application listening on port:5006[39m
{Mon Feb 23 2026 10:39:02} [APP рЯЪА] info: [32mрЯЪА Database connected successfully[39m
{Mon Feb 23 2026 10:39:03} [APP рЯЪА] info: вДєпЄП Admin already exists
{Mon Feb 23 2026 10:39:03} [APP рЯЪА] info: [32mрЯНБ Server connected successfully[39m
{Mon Feb 23 2026 10:39:03} [APP рЯЪА] info: [33mвЩїпЄП  Application listening on port:5006[39m
{Mon Feb 23 2026 10:39:08} [APP рЯЪА] info: [32mрЯЪА Database connected successfully[39m
{Mon Feb 23 2026 10:39:08} [APP рЯЪА] info: вДєпЄП Admin already exists
{Mon Feb 23 2026 10:39:08} [APP рЯЪА] info: [32mрЯНБ Server connected successfully[39m
{Mon Feb 23 2026 10:39:08} [APP рЯЪА] info: [33mвЩїпЄП  Application listening on port:5006[39m
{Mon Feb 23 2026 10:39:18} [APP рЯЪА] info: [32mрЯЪА Database connected successfully[39m
{Mon Feb 23 2026 10:39:18} [APP рЯЪА] info: вДєпЄП Admin already exists
{Mon Feb 23 2026 10:39:18} [APP рЯЪА] info: [32mрЯНБ Server connected successfully[39m
{Mon Feb 23 2026 10:39:18} [APP рЯЪА] info: [33mвЩїпЄП  Application listening on port:5006[39m
{Mon Feb 23 2026 10:40:07} [APP рЯЪА] info: ::ffff:10.10.7.50 - POST /api/v1/case-message 200 - 157.341 ms
{Mon Feb 23 2026 10:42:18} [APP рЯЪА] info: ::ffff:10.10.7.50 - GET / 200 - 1.521 ms
{Mon Feb 23 2026 10:42:36} [APP рЯЪА] info: [34mA user connected[39m
{Mon Feb 23 2026 10:43:40} [APP рЯЪА] info: ::ffff:10.10.7.50 - POST /api/v1/case-message 200 - 128.776 ms
{Mon Feb 23 2026 10:44:42} [APP рЯЪА] info: ::ffff:10.10.7.50 - GET /api/v1/case-message/699abb22b4691c174a90d9bb 200 - 67.088 ms
{Mon Feb 23 2026 10:45:44} [APP рЯЪА] info: ::ffff:10.10.7.50 - PATCH /api/v1/case-message/699bda27963de198e5ef66fa 200 - 31.421 ms
{Mon Feb 23 2026 10:48:19} [APP рЯЪА] info: ::ffff:10.10.7.50 - DELETE /api/v1/case-message/699bda27963de198e5ef66fa 200 - 9.245 ms
{Mon Feb 23 2026 10:48:31} [APP рЯЪА] info: [31mA user disconnect[39m
